<?xml version="1.0" encoding="UTF-8"?>
<testng-results ignored="0" total="1" passed="1" failed="0" skipped="0">
  <reporter-output>
  </reporter-output>
  <suite started-at="2024-09-01T06:16:15 PDT" name="Default suite" finished-at="2024-09-01T06:16:31 PDT" duration-ms="15550">
    <groups>
    </groups>
    <test started-at="2024-09-01T06:16:15 PDT" name="Default test" finished-at="2024-09-01T06:16:31 PDT" duration-ms="15550">
      <class name="com.Screenshot.ScreenshotHB">
        <test-method signature="TestHB()[pri:0, instance:com.Screenshot.ScreenshotHB@1d2adfbe]" started-at="2024-09-01T06:16:15 PDT" name="TestHB" finished-at="2024-09-01T06:16:31 PDT" duration-ms="15490" status="PASS">
          <reporter-output>
          </reporter-output>
        </test-method> <!-- TestHB -->
      </class> <!-- com.Screenshot.ScreenshotHB -->
    </test> <!-- Default test -->
  </suite> <!-- Default suite -->
</testng-results>
